# vsim -vopt work.HvlTop work.HdlTop -voptargs="+acc=npr" -assertdebug "+UVM_TESTNAME=UartSample16BaudRate9600Datatype7EvenParityStopbit1," "+UVM_VERBOSITY=UVM_MEDIUM" "+define+UartBaseTest" -l UartSample16BaudRate9600Datatype7EvenParityStopbit1,/UartSample16BaudRate9600Datatype7EvenParityStopbit1,.log -sva -coverage -c -do "log -r /*; add wave -r /*; coverage save -onexit -assert -directive -cvg -codeAll UartSample16BaudRate9600Datatype7EvenParityStopbit1,/UartSample16BaudRate9600Datatype7EvenParityStopbit1,_coverage.ucdb; run -all; exit" -wlf UartSample16BaudRate9600Datatype7EvenParityStopbit1,/waveform.wlf 
# Start time: 15:39:53 on Feb 14,2025
# ** Note: (vsim-8009) Loading existing optimized design _opt
# //  Questa Sim
# //  Version 10.6c linux Jul 25 2017
# //
# //  Copyright 1991-2017 Mentor Graphics Corporation
# //  All Rights Reserved.
# //
# //  QuestaSim and its associated documentation contain trade
# //  secrets and commercial or financial information that are the property of
# //  Mentor Graphics Corporation and are privileged, confidential,
# //  and exempt from disclosure under the Freedom of Information Act,
# //  5 U.S.C. Section 552. Furthermore, this information
# //  is prohibited from disclosure under the Trade Secrets Act,
# //  18 U.S.C. Section 1905.
# //
# Loading sv_std.std
# Loading work.UartRxDriverBfm(fast)
# Loading work.UartRxMonitorBfm(fast)
# Loading work.UartGlobalPkg(fast)
# Loading mtiUvm.uvm_pkg
# Loading work.UartRxPkg(fast)
# Loading work.UartRxSequencePkg(fast)
# Loading work.UartTxDriverBfm(fast)
# Loading work.UartTxMonitorBfm(fast)
# Loading work.UartTxPkg(fast)
# Loading work.UartTxSequencePkg(fast)
# Loading work.UartEnvPkg(fast)
# Loading work.UartVirtualSequencePkg(fast)
# Loading work.UartBaseTestPkg(fast)
# Loading work.HvlTop(fast)
# Loading work.HdlTop(fast)
# Loading work.UartInterface_sv_unit(fast)
# Loading work.UartIf(fast)
# Loading work.UartTxAgentBfm(fast)
# Loading work.UartTxDriverBfm_sv_unit(fast)
# Loading work.UartTxDriverBfm(fast)
# Loading work.UartTxMonitorBfm_sv_unit(fast)
# Loading work.UartTxMonitorBfm(fast)
# Loading work.UartTxAssertions_sv_unit(fast)
# Loading work.UartTxAssertions(fast)
# Loading work.UartRxAgentBfm(fast)
# Loading work.UartRxDriverBfm_sv_unit(fast)
# Loading work.UartRxDriverBfm(fast)
# Loading work.UartRxMonitorBfm_sv_unit(fast)
# Loading work.UartRxMonitorBfm(fast)
# Loading mtiUvm.questa_uvm_pkg(fast)
# ** Warning: (vsim-3764) ../../src/hvlTop/uartEnv/UartScoreboard.sv(83): Stand-alone call to function 'get' treated as implicit void cast.
#    Time: 0 ps  Iteration: 0  Region: /UartEnvPkg File: ../../src/hvlTop/uartEnv/UartEnvPkg.sv
# ** Warning: (vsim-3764) ../../src/hvlTop/uartEnv/UartScoreboard.sv(84): Stand-alone call to function 'get' treated as implicit void cast.
#    Time: 0 ps  Iteration: 0  Region: /UartEnvPkg File: ../../src/hvlTop/uartEnv/UartEnvPkg.sv
# ** Warning: (vsim-3839) ../../src/hdlTop/UartHdlTop.sv(74): Variable '/HdlTop/uartIf/rx', driven via a port connection, is multiply driven. See ../../src/hdlTop/uartRxAgentBfm/UartRxAgentBfm.sv(23).
#    Time: 0 ps  Iteration: 0  Instance: /HdlTop File: ../../src/hdlTop/UartHdlTop.sv
# Loading /tools/mentor/questasim_10.6c/questasim/uvm-1.1d/linux/uvm_dpi.so
# log -r /*
#  add wave -r /*
#  coverage save -onexit -assert -directive -cvg -codeAll UartSample16BaudRate9600Datatype7EvenParityStopbit1,/UartSample16BaudRate9600Datatype7EvenParityStopbit1,_coverage.ucdb
#  run -all
# ----------------------------------------------------------------
# UVM-1.1d
# (C) 2007-2013 Mentor Graphics Corporation
# (C) 2007-2013 Cadence Design Systems, Inc.
# (C) 2006-2013 Synopsys, Inc.
# (C) 2011-2013 Cypress Semiconductor Corp.
# ----------------------------------------------------------------
# 
#   ***********       IMPORTANT RELEASE NOTES         ************
# 
#   You are using a version of the UVM library that has been compiled
#   with `UVM_NO_DEPRECATED undefined.
#   See http://www.eda.org/svdb/view.php?id=3313 for more details.
# 
#   You are using a version of the UVM library that has been compiled
#   with `UVM_OBJECT_MUST_HAVE_CONSTRUCTOR undefined.
#   See http://www.eda.org/svdb/view.php?id=3770 for more details.
# 
#       (Specify +UVM_NO_RELNOTES to turn off this notice)
# 
# UVM_WARNING @ 0: reporter [TPRGED] Type name 'UartTxBaseSequenceWithPattern' already registered with factory. No string-based lookup support for multiple types with the same type name.
# UVM_INFO verilog_src/questa_uvm_pkg-1.2/src/questa_uvm_pkg.sv(215) @ 0: reporter [Questa UVM] QUESTA_UVM-1.2.3
# UVM_INFO verilog_src/questa_uvm_pkg-1.2/src/questa_uvm_pkg.sv(217) @ 0: reporter [Questa UVM]  questa_uvm::init(+struct)
# UVM_WARNING @ 0: reporter [BDTYP] Cannot create a component of type 'UartSample16BaudRate9600Datatype7EvenParityStopbit1,' because it is not registered with the factory.
# UVM_FATAL @ 0: reporter [INVTST] Requested test from command line +UVM_TESTNAME=UartSample16BaudRate9600Datatype7EvenParityStopbit1, not found.
# 
# --- UVM Report Summary ---
# 
# ** Report counts by severity
# UVM_INFO :    2
# UVM_WARNING :    2
# UVM_ERROR :    0
# UVM_FATAL :    1
# ** Report counts by id
# [BDTYP]     1
# [INVTST]     1
# [Questa UVM]     2
# [TPRGED]     1
# ** Note: $finish    : /tools/mentor/questasim_10.6c/questasim/linux/../verilog_src/uvm-1.1d/src/base/uvm_report_object.svh(292)
#    Time: 0 ps  Iteration: 0  Instance: /HvlTop
# Saving coverage database on exit...
# End time: 15:40:00 on Feb 14,2025, Elapsed time: 0:00:07
# Errors: 0, Warnings: 3
