# vsim -vopt work.HvlTop work.HdlTop -voptargs="+acc=npr" -assertdebug "+UVM_TESTNAME=UartSample16BaudRate19200Datatype5EvenParityStopbit2" "+UVM_VERBOSITY=UVM_MEDIUM" "+define+UartBaseTest" -l UartSample16BaudRate19200Datatype5EvenParityStopbit2/UartSample16BaudRate19200Datatype5EvenParityStopbit2.log -sva -coverage -c -do "log -r /*; add wave -r /*; coverage save -onexit -assert -directive -cvg -codeAll UartSample16BaudRate19200Datatype5EvenParityStopbit2/UartSample16BaudRate19200Datatype5EvenParityStopbit2_coverage.ucdb; run -all; exit" -wlf UartSample16BaudRate19200Datatype5EvenParityStopbit2/waveform.wlf 
# Start time: 16:41:36 on Feb 13,2025
# ** Note: (vsim-3812) Design is being optimized...
# //  Questa Sim
# //  Version 10.6c linux Jul 25 2017
# //
# //  Copyright 1991-2017 Mentor Graphics Corporation
# //  All Rights Reserved.
# //
# //  QuestaSim and its associated documentation contain trade
# //  secrets and commercial or financial information that are the property of
# //  Mentor Graphics Corporation and are privileged, confidential,
# //  and exempt from disclosure under the Freedom of Information Act,
# //  5 U.S.C. Section 552. Furthermore, this information
# //  is prohibited from disclosure under the Trade Secrets Act,
# //  18 U.S.C. Section 1905.
# //
# Loading sv_std.std
# Loading work.UartRxDriverBfm(fast)
# Loading work.UartRxMonitorBfm(fast)
# Loading work.UartGlobalPkg(fast)
# Loading mtiUvm.uvm_pkg
# Loading work.UartRxPkg(fast)
# Loading work.UartRxSequencePkg(fast)
# Loading work.UartTxDriverBfm(fast)
# Loading work.UartTxMonitorBfm(fast)
# Loading work.UartTxPkg(fast)
# Loading work.UartTxSequencePkg(fast)
# Loading work.UartEnvPkg(fast)
# Loading work.UartVirtualSequencePkg(fast)
# Loading work.UartBaseTestPkg(fast)
# Loading work.HvlTop(fast)
# Loading work.HdlTop(fast)
# Loading work.UartInterface_sv_unit(fast)
# Loading work.UartIf(fast)
# Loading work.UartTxAgentBfm(fast)
# Loading work.UartTxDriverBfm_sv_unit(fast)
# Loading work.UartTxDriverBfm(fast)
# Loading work.UartTxMonitorBfm_sv_unit(fast)
# Loading work.UartTxMonitorBfm(fast)
# Loading work.UartTxAssertions_sv_unit(fast)
# Loading work.UartTxAssertions(fast)
# Loading work.UartRxAgentBfm(fast)
# Loading work.UartRxDriverBfm_sv_unit(fast)
# Loading work.UartRxDriverBfm(fast)
# Loading work.UartRxMonitorBfm_sv_unit(fast)
# Loading work.UartRxMonitorBfm(fast)
# Loading mtiUvm.questa_uvm_pkg(fast)
# ** Warning: (vsim-3839) ../../src/hdlTop/UartHdlTop.sv(74): Variable '/HdlTop/uartIf/rx', driven via a port connection, is multiply driven. See ../../src/hdlTop/uartRxAgentBfm/UartRxAgentBfm.sv(23).
#    Time: 0 ps  Iteration: 0  Instance: /HdlTop File: ../../src/hdlTop/UartHdlTop.sv
# Loading /tools/mentor/questasim_10.6c/questasim/uvm-1.1d/linux/uvm_dpi.so
# log -r /*
#  add wave -r /*
#  coverage save -onexit -assert -directive -cvg -codeAll UartSample16BaudRate19200Datatype5EvenParityStopbit2/UartSample16BaudRate19200Datatype5EvenParityStopbit2_coverage.ucdb
#  run -all
# ----------------------------------------------------------------
# UVM-1.1d
# (C) 2007-2013 Mentor Graphics Corporation
# (C) 2007-2013 Cadence Design Systems, Inc.
# (C) 2006-2013 Synopsys, Inc.
# (C) 2011-2013 Cypress Semiconductor Corp.
# ----------------------------------------------------------------
# 
#   ***********       IMPORTANT RELEASE NOTES         ************
# 
#   You are using a version of the UVM library that has been compiled
#   with `UVM_NO_DEPRECATED undefined.
#   See http://www.eda.org/svdb/view.php?id=3313 for more details.
# 
#   You are using a version of the UVM library that has been compiled
#   with `UVM_OBJECT_MUST_HAVE_CONSTRUCTOR undefined.
#   See http://www.eda.org/svdb/view.php?id=3770 for more details.
# 
#       (Specify +UVM_NO_RELNOTES to turn off this notice)
# 
# UVM_INFO verilog_src/questa_uvm_pkg-1.2/src/questa_uvm_pkg.sv(215) @ 0: reporter [Questa UVM] QUESTA_UVM-1.2.3
# UVM_INFO verilog_src/questa_uvm_pkg-1.2/src/questa_uvm_pkg.sv(217) @ 0: reporter [Questa UVM]  questa_uvm::init(+struct)
# UVM_INFO @ 0: reporter [RNTST] Running test UartSample16BaudRate19200Datatype5EvenParityStopbit2...
# UVM_INFO ../../src/hdlTop/UartHdlTop.sv(15) @ 0: reporter [HDL_TOP] HDL_TOP
# UVM_INFO ../../src/hdlTop/uartTxAgentBfm/UartTxAgentBfm.sv(16) @ 0: reporter [uart transmitter agent bfm] UART TRANSMITTER AGENT BFM
# UVM_INFO ../../src/hdlTop/uartTxAgentBfm/UartTxDriverBfm.sv(58) @ 0: reporter [UART_TRANSMITTER_DRIVER_BFM] UART_TRANSMITTER_DRIVER_BFM
# UVM_INFO ../../src/hdlTop/uartTxAgentBfm/UartTxMonitorBfm.sv(29) @ 0: reporter [UART_TRANSMITTER_MONITOR_BFM] UART_TRANSMITTER_MONITOR_BFM
# UVM_INFO ../../src/hdlTop/uartRxAgentBfm/UartRxAgentBfm.sv(16) @ 0: reporter [uart transmitter agent bfm] UART TRANSMITTER AGENT BFM
# UVM_INFO ../../src/hdlTop/uartRxAgentBfm/UartRxDriverBfm.sv(59) @ 0: reporter [UART_RECIEVER_DRIVER_BFM] UART_RECIEVER_DRIVER_BFM
# UVM_INFO ../../src/hdlTop/uartRxAgentBfm/UartRxMonitorBfm.sv(31) @ 0: reporter [UART_TRANSMITTER_MONITOR_BFM] UART_TRANSMITTER_MONITOR_BFM
# Warning: In instance '\/UartRxPkg::UartRxCoverage::UartRxCovergroup ' the 'option.per_instance' is set to '0' (false). Assignment to members 'weight', 'goal' and 'comment' of 'option' would not have any effect.
# Warning: In instance '\/UartTxPkg::UartTxCoverage::UartTxCovergroup ' the 'option.per_instance' is set to '0' (false). Assignment to members 'weight', 'goal' and 'comment' of 'option' would not have any effect.
# UVM_INFO @ 0: reporter [UVMTOP] UVM testbench topology:
# -------------------------------------------------------------------------------------------------------
# Name                                  Type                                                  Size  Value
# -------------------------------------------------------------------------------------------------------
# uvm_test_top                          UartSample16BaudRate19200Datatype5EvenParityStopbit2  -     @473 
#   uartEnv                             UartEnv                                               -     @511 
#     uartRxAgent                       UartRxAgent                                           -     @642 
#       uartRxAgentAnalysisPort         uvm_analysis_port                                     -     @665 
#       uartRxCoverage                  UartRxCoverage                                        -     @650 
#         analysis_imp                  uvm_analysis_imp                                      -     @657 
#       uartRxMonitorProxy              UartRxMonitorProxy                                    -     @673 
#         uartRxMonitorAnalysisPort     uvm_analysis_port                                     -     @680 
#     uartScoreboard                    UartScoreboard                                        -     @628 
#       uartScoreboardRxAnalysisExport  uvm_analysis_export                                   -     @699 
#       uartScoreboardRxAnalysisFifo    uvm_tlm_analysis_fifo #(T)                            -     @754 
#         analysis_export               uvm_analysis_imp                                      -     @793 
#         get_ap                        uvm_analysis_port                                     -     @785 
#         get_peek_export               uvm_get_peek_imp                                      -     @769 
#         put_ap                        uvm_analysis_port                                     -     @777 
#         put_export                    uvm_put_imp                                           -     @761 
#       uartScoreboardTxAnalysisExport  uvm_analysis_export                                   -     @691 
#       uartScoreboardTxAnalysisFifo    uvm_tlm_analysis_fifo #(T)                            -     @707 
#         analysis_export               uvm_analysis_imp                                      -     @746 
#         get_ap                        uvm_analysis_port                                     -     @738 
#         get_peek_export               uvm_get_peek_imp                                      -     @722 
#         put_ap                        uvm_analysis_port                                     -     @730 
#         put_export                    uvm_put_imp                                           -     @714 
#     uartTxAgent                       UartTxAgent                                           -     @635 
#       uartTxAgentAnalysisPort         uvm_analysis_port                                     -     @964 
#       uartTxCoverage                  UartTxCoverage                                        -     @949 
#         analysis_imp                  uvm_analysis_imp                                      -     @956 
#       uartTxDriverProxy               UartTxDriverProxy                                     -     @817 
#         rsp_port                      uvm_analysis_port                                     -     @832 
#         seq_item_port                 uvm_seq_item_pull_port                                -     @824 
#       uartTxMonitorProxy              UartTxMonitorProxy                                    -     @802 
#         uartTxMonitorAnalysisPort     uvm_analysis_port                                     -     @809 
#       uartTxSequencer                 UartTxSequencer                                       -     @840 
#         rsp_export                    uvm_analysis_export                                   -     @847 
#         seq_item_export               uvm_seq_item_pull_imp                                 -     @941 
#         arbitration_queue             array                                                 0     -    
#         lock_queue                    array                                                 0     -    
#         num_last_reqs                 integral                                              32    'd1  
#         num_last_rsps                 integral                                              32    'd1  
#     uartVirtualSequencer              UartVirtualSequencer                                  -     @519 
#       rsp_export                      uvm_analysis_export                                   -     @526 
#       seq_item_export                 uvm_seq_item_pull_imp                                 -     @620 
#       arbitration_queue               array                                                 0     -    
#       lock_queue                      array                                                 0     -    
#       num_last_reqs                   integral                                              32    'd1  
#       num_last_rsps                   integral                                              32    'd1  
# -------------------------------------------------------------------------------------------------------
# 
# ----------------------------------------------------------------------
# Name                     Type                             Size  Value 
# ----------------------------------------------------------------------
# uartVirtualBaseSequence  UartVirtualTransmissionSequence  -     @996  
#   req                    object                           -     <null>
#   rsp                    object                           -     <null>
# ----------------------------------------------------------------------
# UVM_WARNING @ 0: uvm_test_top.uartEnv.uartVirtualSequencer@@uartVirtualBaseSequence [uvm_sequence_base] Body definition undefined
# UVM_WARNING @ 0: uvm_test_top.uartEnv.uartTxAgent.uartTxSequencer@@uartVirtualBaseSequence.uartTxBaseSequence [uvm_sequence_base] Body definition undefined
# UVM_INFO ../../src/hdlTop/uartRxAgentBfm/UartRxMonitorBfm.sv(83) @ 1000: reporter [UART_TRANSMITTER_MONITOR_BFM] system reset activated
# UVM_INFO ../../src/hdlTop/uartTxAgentBfm/UartTxDriverBfm.sv(116) @ 1000: reporter [UART_TRANSMITTER_DRIVER_BFM] RESET DETECTED
# UVM_INFO ../../src/hdlTop/uartTxAgentBfm/UartTxMonitorBfm.sv(81) @ 1000: reporter [UART_TRANSMITTER_MONITOR_BFM] system reset activated
# UVM_INFO ../../src/hdlTop/uartTxAgentBfm/UartTxMonitorBfm.sv(84) @ 1100: reporter [UART_TRANSMITTER_MONITOR_BFM] system reset deactivated
# UVM_INFO ../../src/hdlTop/uartTxAgentBfm/UartTxDriverBfm.sv(121) @ 1100: reporter [UART_TRANSMITTER_DRIVER_BFM] RESET DEASSERTED
# UVM_INFO ../../src/hdlTop/uartRxAgentBfm/UartRxMonitorBfm.sv(86) @ 1100: reporter [UART_TRANSMITTER_MONITOR_BFM] system reset deactivated
# --------------------------------------------------------------------------------------------------------------------------------------------
# Name                           Type               Size  Value                                                                               
# --------------------------------------------------------------------------------------------------------------------------------------------
# req                            UartTxTransaction  -     @1023                                                                               
#   begin_time                   time               64    1100                                                                                
#   depth                        int                32    'd3                                                                                 
#   parent sequence (name)       string             18    uartTxBaseSequence                                                                  
#   parent sequence (full name)  string             84    uvm_test_top.uartEnv.uartVirtualSequencer.uartVirtualBaseSequence.uartTxBaseSequence
#   sequencer                    string             48    uvm_test_top.uartEnv.uartTxAgent.uartTxSequencer                                    
#   transmissionData[7]          integral           1     'b0                                                                                 
#   transmissionData[6]          integral           1     'b1                                                                                 
#   transmissionData[5]          integral           1     'b1                                                                                 
#   transmissionData[4]          integral           1     'b1                                                                                 
#   transmissionData[3]          integral           1     'b1                                                                                 
#   transmissionData[2]          integral           1     'b1                                                                                 
#   transmissionData[1]          integral           1     'b1                                                                                 
#   transmissionData[0]          integral           1     'b1                                                                                 
#   parity                       integral           1     'b0x                                                                                
# --------------------------------------------------------------------------------------------------------------------------------------------
# UVM_INFO ../../src/hvlTop/uartTxAgent//UartTxDriverProxy.sv(77) @ 1100: uvm_test_top.uartEnv.uartTxAgent.uartTxDriverProxy [[DRIVER PROXY]] The UartDataType is FIVE_BIT 
# The baudrate of Uart is 9600 
# The parity enable=1
# UVM_INFO ../../src/hvlTop/uartTxAgent//UartTxDriverProxy.sv(79) @ 1100: uvm_test_top.uartEnv.uartTxAgent.uartTxDriverProxy [[Driver PROXY]] DATA BEING SENT FROM TRANSMITTER DRIVER PROXY IS:	
# 11111 
# ** Info: *******************************START BIT DETECTED : ASSERTION PASS
#    Time: 56400 ps Started: 3600 ps  Scope: HdlTop.uartTxAgentBfm.uartTxMonitorBfm.TransmissionAssertions.IF_THERE_IS_FALLINGEDGE_ASSERTION_PASS File: ../../src/hdlTop/uartTxAgentBfm/UartTxAssertions.sv Line: 104
# local width near if 0 @              162000
# xxxxxxx1
# local width near if 1 @              267600
# xxxxxx11
# local width near if 2 @              373200
# xxxxx111
# local width near if 3 @              478800
# xxxx1111
# local width near if 4 @              584400
# xxx11111
# entered inside if check
# PARITY IN ASSERTION IS 1
# ** Info: *********************EVEN PARITY IS DETECTED : ASSERTION PASS
#    Time: 690 ns Started: 584400 ps  Scope: HdlTop.uartTxAgentBfm.uartTxMonitorBfm.TransmissionAssertions.CHECK_FOR_EVEN_PROPERTY File: ../../src/hdlTop/uartTxAgentBfm/UartTxAssertions.sv Line: 140
# ** Info: *****************************DATA WIDTH IS MATCHING : ASSERTION PASS
#    Time: 690 ns Started: 584400 ps  Scope: HdlTop.uartTxAgentBfm.uartTxMonitorBfm.TransmissionAssertions.CHECK_FOR_DATA_WIDTH_LENGTH File: ../../src/hdlTop/uartTxAgentBfm/UartTxAssertions.sv Line: 120
# ** Info: STOP BIT IS BEING DETECTED : ASSERTION PASS
#    Time: 795600 ps Started: 690 ns  Scope: HdlTop.uartTxAgentBfm.uartTxMonitorBfm.TransmissionAssertions.CHECK_FOR_STOP_BIT File: ../../src/hdlTop/uartTxAgentBfm/UartTxAssertions.sv Line: 170
# UVM_INFO ../../src/hvlTop/uartRxAgent/UartRxMonitorProxy.sv(81) @ 894600: uvm_test_top.uartEnv.uartRxAgent.uartRxMonitorProxy [[receciever monitor PROXY]] DATA BEING Sreceived FROM TRANSMITTER DRIVER PROXY IS:	
# 11111 
# parity is 01
# UVM_INFO ../../src/hvlTop/uartTxAgent//UartTxMonitorProxy.sv(83) @ 894600: uvm_test_top.uartEnv.uartTxAgent.uartTxMonitorProxy [[MONITOR PROXY]] MONITOR HAS RECEIVED FOLLOWING PACKET FROM TRANSMISTTER PROXY
# 11111
#  parity of the packet obtained is 1
# UVM_INFO ../../src/hvlTop/uartEnv/UartScoreboard.sv(118) @ 894600: uvm_test_top.uartEnv.uartScoreboard [UartScoreboard] Printing transmissionData= xxx11111
# UVM_INFO ../../src/hvlTop/uartEnv/UartScoreboard.sv(121) @ 894600: uvm_test_top.uartEnv.uartScoreboard [UartScoreboard] Printing receivingData= xxx11111
# UVM_INFO ../../src/hvlTop/uartEnv/UartScoreboard.sv(142) @ 894600: uvm_test_top.uartEnv.uartScoreboard [UartScoreboard] Data Match
# UVM_INFO ../../src/hvlTop/uartEnv/UartScoreboard.sv(143) @ 894600: uvm_test_top.uartEnv.uartScoreboard [UartScoreboard] TransmissionData = x,RecievingData = x
# UVM_INFO ../../src/hvlTop/uartEnv/UartScoreboard.sv(161) @ 894600: uvm_test_top.uartEnv.uartScoreboard [UartScoreboard] transmissionData = xxx11111
# , receivingData = xxx11111
# , tx parity = 1
#  rx parity=1 framing error is 0
# UVM_INFO ../../src/hvlTop/uartEnv/UartScoreboard.sv(142) @ 894600: uvm_test_top.uartEnv.uartScoreboard [UartScoreboard] Data Match
# UVM_INFO ../../src/hvlTop/uartEnv/UartScoreboard.sv(143) @ 894600: uvm_test_top.uartEnv.uartScoreboard [UartScoreboard] TransmissionData = x,RecievingData = x
# UVM_INFO ../../src/hvlTop/uartEnv/UartScoreboard.sv(161) @ 894600: uvm_test_top.uartEnv.uartScoreboard [UartScoreboard] transmissionData = xxx11111
# , receivingData = xxx11111
# , tx parity = 1
#  rx parity=1 framing error is 0
# UVM_INFO ../../src/hvlTop/uartEnv/UartScoreboard.sv(142) @ 894600: uvm_test_top.uartEnv.uartScoreboard [UartScoreboard] Data Match
# UVM_INFO ../../src/hvlTop/uartEnv/UartScoreboard.sv(143) @ 894600: uvm_test_top.uartEnv.uartScoreboard [UartScoreboard] TransmissionData = x,RecievingData = x
# UVM_INFO ../../src/hvlTop/uartEnv/UartScoreboard.sv(161) @ 894600: uvm_test_top.uartEnv.uartScoreboard [UartScoreboard] transmissionData = xxx11111
# , receivingData = xxx11111
# , tx parity = 1
#  rx parity=1 framing error is 0
# UVM_INFO ../../src/hvlTop/uartEnv/UartScoreboard.sv(142) @ 894600: uvm_test_top.uartEnv.uartScoreboard [UartScoreboard] Data Match
# UVM_INFO ../../src/hvlTop/uartEnv/UartScoreboard.sv(143) @ 894600: uvm_test_top.uartEnv.uartScoreboard [UartScoreboard] TransmissionData = 1,RecievingData = 1
# UVM_INFO ../../src/hvlTop/uartEnv/UartScoreboard.sv(161) @ 894600: uvm_test_top.uartEnv.uartScoreboard [UartScoreboard] transmissionData = xxx11111
# , receivingData = xxx11111
# , tx parity = 1
#  rx parity=1 framing error is 0
# UVM_INFO ../../src/hvlTop/uartEnv/UartScoreboard.sv(142) @ 894600: uvm_test_top.uartEnv.uartScoreboard [UartScoreboard] Data Match
# UVM_INFO ../../src/hvlTop/uartEnv/UartScoreboard.sv(143) @ 894600: uvm_test_top.uartEnv.uartScoreboard [UartScoreboard] TransmissionData = 1,RecievingData = 1
# UVM_INFO ../../src/hvlTop/uartEnv/UartScoreboard.sv(161) @ 894600: uvm_test_top.uartEnv.uartScoreboard [UartScoreboard] transmissionData = xxx11111
# , receivingData = xxx11111
# , tx parity = 1
#  rx parity=1 framing error is 0
# UVM_INFO ../../src/hvlTop/uartEnv/UartScoreboard.sv(142) @ 894600: uvm_test_top.uartEnv.uartScoreboard [UartScoreboard] Data Match
# UVM_INFO ../../src/hvlTop/uartEnv/UartScoreboard.sv(143) @ 894600: uvm_test_top.uartEnv.uartScoreboard [UartScoreboard] TransmissionData = 1,RecievingData = 1
# UVM_INFO ../../src/hvlTop/uartEnv/UartScoreboard.sv(161) @ 894600: uvm_test_top.uartEnv.uartScoreboard [UartScoreboard] transmissionData = xxx11111
# , receivingData = xxx11111
# , tx parity = 1
#  rx parity=1 framing error is 0
# UVM_INFO ../../src/hvlTop/uartEnv/UartScoreboard.sv(142) @ 894600: uvm_test_top.uartEnv.uartScoreboard [UartScoreboard] Data Match
# UVM_INFO ../../src/hvlTop/uartEnv/UartScoreboard.sv(143) @ 894600: uvm_test_top.uartEnv.uartScoreboard [UartScoreboard] TransmissionData = 1,RecievingData = 1
# UVM_INFO ../../src/hvlTop/uartEnv/UartScoreboard.sv(161) @ 894600: uvm_test_top.uartEnv.uartScoreboard [UartScoreboard] transmissionData = xxx11111
# , receivingData = xxx11111
# , tx parity = 1
#  rx parity=1 framing error is 0
# UVM_INFO ../../src/hvlTop/uartEnv/UartScoreboard.sv(142) @ 894600: uvm_test_top.uartEnv.uartScoreboard [UartScoreboard] Data Match
# UVM_INFO ../../src/hvlTop/uartEnv/UartScoreboard.sv(143) @ 894600: uvm_test_top.uartEnv.uartScoreboard [UartScoreboard] TransmissionData = 1,RecievingData = 1
# UVM_INFO ../../src/hvlTop/uartEnv/UartScoreboard.sv(161) @ 894600: uvm_test_top.uartEnv.uartScoreboard [UartScoreboard] transmissionData = xxx11111
# , receivingData = xxx11111
# , tx parity = 1
#  rx parity=1 framing error is 0
# --------------------------------------------------------------------------------------------------------------------------------------------
# Name                           Type               Size  Value                                                                               
# --------------------------------------------------------------------------------------------------------------------------------------------
# req                            UartTxTransaction  -     @1023                                                                               
#   begin_time                   time               64    894600                                                                              
#   end_time                     time               64    894600                                                                              
#   depth                        int                32    'd3                                                                                 
#   parent sequence (name)       string             18    uartTxBaseSequence                                                                  
#   parent sequence (full name)  string             84    uvm_test_top.uartEnv.uartVirtualSequencer.uartVirtualBaseSequence.uartTxBaseSequence
#   sequencer                    string             48    uvm_test_top.uartEnv.uartTxAgent.uartTxSequencer                                    
#   transmissionData[7]          integral           1     'b1                                                                                 
#   transmissionData[6]          integral           1     'b1                                                                                 
#   transmissionData[5]          integral           1     'b1                                                                                 
#   transmissionData[4]          integral           1     'b1                                                                                 
#   transmissionData[3]          integral           1     'b0                                                                                 
#   transmissionData[2]          integral           1     'b1                                                                                 
#   transmissionData[1]          integral           1     'b1                                                                                 
#   transmissionData[0]          integral           1     'b1                                                                                 
#   parity                       integral           1     'b0x                                                                                
# --------------------------------------------------------------------------------------------------------------------------------------------
# UVM_INFO ../../src/hvlTop/uartTxAgent//UartTxDriverProxy.sv(77) @ 894600: uvm_test_top.uartEnv.uartTxAgent.uartTxDriverProxy [[DRIVER PROXY]] The UartDataType is FIVE_BIT 
# The baudrate of Uart is 9600 
# The parity enable=1
# UVM_INFO ../../src/hvlTop/uartTxAgent//UartTxDriverProxy.sv(79) @ 894600: uvm_test_top.uartEnv.uartTxAgent.uartTxDriverProxy [[Driver PROXY]] DATA BEING SENT FROM TRANSMITTER DRIVER PROXY IS:	
# 11101 
# ** Info: *******************************START BIT DETECTED : ASSERTION PASS
#    Time: 954 ns Started: 696600 ps  Scope: HdlTop.uartTxAgentBfm.uartTxMonitorBfm.TransmissionAssertions.IF_THERE_IS_FALLINGEDGE_ASSERTION_PASS File: ../../src/hdlTop/uartTxAgentBfm/UartTxAssertions.sv Line: 104
# local width near if 0 @             1059600
# xxxxxxx1
# local width near if 1 @             1165200
# xxxxxx11
# local width near if 2 @             1270800
# xxxxx111
# local width near if 3 @             1376400
# xxxx1110
# local width near if 4 @             1482000
# xxx11101
# entered inside if check
# PARITY IN ASSERTION IS 0
# ** Info: *****************************DATA WIDTH IS MATCHING : ASSERTION PASS
#    Time: 1587600 ps Started: 1482 ns  Scope: HdlTop.uartTxAgentBfm.uartTxMonitorBfm.TransmissionAssertions.CHECK_FOR_DATA_WIDTH_LENGTH File: ../../src/hdlTop/uartTxAgentBfm/UartTxAssertions.sv Line: 120
# ** Info: *********************EVEN PARITY IS DETECTED : ASSERTION PASS
#    Time: 1587600 ps Started: 1482 ns  Scope: HdlTop.uartTxAgentBfm.uartTxMonitorBfm.TransmissionAssertions.CHECK_FOR_EVEN_PROPERTY File: ../../src/hdlTop/uartTxAgentBfm/UartTxAssertions.sv Line: 140
# ** Info: STOP BIT IS BEING DETECTED : ASSERTION PASS
#    Time: 1693200 ps Started: 1587600 ps  Scope: HdlTop.uartTxAgentBfm.uartTxMonitorBfm.TransmissionAssertions.CHECK_FOR_STOP_BIT File: ../../src/hdlTop/uartTxAgentBfm/UartTxAssertions.sv Line: 170
# UVM_INFO ../../src/hvlTop/uartRxAgent/UartRxMonitorProxy.sv(81) @ 1792200: uvm_test_top.uartEnv.uartRxAgent.uartRxMonitorProxy [[receciever monitor PROXY]] DATA BEING Sreceived FROM TRANSMITTER DRIVER PROXY IS:	
# 11101 
# parity is 00
# UVM_INFO ../../src/hvlTop/uartTxAgent//UartTxMonitorProxy.sv(83) @ 1792200: uvm_test_top.uartEnv.uartTxAgent.uartTxMonitorProxy [[MONITOR PROXY]] MONITOR HAS RECEIVED FOLLOWING PACKET FROM TRANSMISTTER PROXY
# 11101
#  parity of the packet obtained is 0
# UVM_INFO ../../src/hvlTop/uartEnv/UartScoreboard.sv(118) @ 1792200: uvm_test_top.uartEnv.uartScoreboard [UartScoreboard] Printing transmissionData= xxx10111
# UVM_INFO ../../src/hvlTop/uartEnv/UartScoreboard.sv(121) @ 1792200: uvm_test_top.uartEnv.uartScoreboard [UartScoreboard] Printing receivingData= xxx10111
# UVM_INFO ../../src/hvlTop/uartEnv/UartScoreboard.sv(142) @ 1792200: uvm_test_top.uartEnv.uartScoreboard [UartScoreboard] Data Match
# UVM_INFO ../../src/hvlTop/uartEnv/UartScoreboard.sv(143) @ 1792200: uvm_test_top.uartEnv.uartScoreboard [UartScoreboard] TransmissionData = x,RecievingData = x
# UVM_INFO ../../src/hvlTop/uartEnv/UartScoreboard.sv(161) @ 1792200: uvm_test_top.uartEnv.uartScoreboard [UartScoreboard] transmissionData = xxx10111
# , receivingData = xxx10111
# , tx parity = 0
#  rx parity=0 framing error is 0
# UVM_INFO ../../src/hvlTop/uartEnv/UartScoreboard.sv(142) @ 1792200: uvm_test_top.uartEnv.uartScoreboard [UartScoreboard] Data Match
# UVM_INFO ../../src/hvlTop/uartEnv/UartScoreboard.sv(143) @ 1792200: uvm_test_top.uartEnv.uartScoreboard [UartScoreboard] TransmissionData = x,RecievingData = x
# UVM_INFO ../../src/hvlTop/uartEnv/UartScoreboard.sv(161) @ 1792200: uvm_test_top.uartEnv.uartScoreboard [UartScoreboard] transmissionData = xxx10111
# , receivingData = xxx10111
# , tx parity = 0
#  rx parity=0 framing error is 0
# UVM_INFO ../../src/hvlTop/uartEnv/UartScoreboard.sv(142) @ 1792200: uvm_test_top.uartEnv.uartScoreboard [UartScoreboard] Data Match
# UVM_INFO ../../src/hvlTop/uartEnv/UartScoreboard.sv(143) @ 1792200: uvm_test_top.uartEnv.uartScoreboard [UartScoreboard] TransmissionData = x,RecievingData = x
# UVM_INFO ../../src/hvlTop/uartEnv/UartScoreboard.sv(161) @ 1792200: uvm_test_top.uartEnv.uartScoreboard [UartScoreboard] transmissionData = xxx10111
# , receivingData = xxx10111
# , tx parity = 0
#  rx parity=0 framing error is 0
# UVM_INFO ../../src/hvlTop/uartEnv/UartScoreboard.sv(142) @ 1792200: uvm_test_top.uartEnv.uartScoreboard [UartScoreboard] Data Match
# UVM_INFO ../../src/hvlTop/uartEnv/UartScoreboard.sv(143) @ 1792200: uvm_test_top.uartEnv.uartScoreboard [UartScoreboard] TransmissionData = 1,RecievingData = 1
# UVM_INFO ../../src/hvlTop/uartEnv/UartScoreboard.sv(161) @ 1792200: uvm_test_top.uartEnv.uartScoreboard [UartScoreboard] transmissionData = xxx10111
# , receivingData = xxx10111
# , tx parity = 0
#  rx parity=0 framing error is 0
# UVM_INFO ../../src/hvlTop/uartEnv/UartScoreboard.sv(142) @ 1792200: uvm_test_top.uartEnv.uartScoreboard [UartScoreboard] Data Match
# UVM_INFO ../../src/hvlTop/uartEnv/UartScoreboard.sv(143) @ 1792200: uvm_test_top.uartEnv.uartScoreboard [UartScoreboard] TransmissionData = 0,RecievingData = 0
# UVM_INFO ../../src/hvlTop/uartEnv/UartScoreboard.sv(161) @ 1792200: uvm_test_top.uartEnv.uartScoreboard [UartScoreboard] transmissionData = xxx10111
# , receivingData = xxx10111
# , tx parity = 0
#  rx parity=0 framing error is 0
# UVM_INFO ../../src/hvlTop/uartEnv/UartScoreboard.sv(142) @ 1792200: uvm_test_top.uartEnv.uartScoreboard [UartScoreboard] Data Match
# UVM_INFO ../../src/hvlTop/uartEnv/UartScoreboard.sv(143) @ 1792200: uvm_test_top.uartEnv.uartScoreboard [UartScoreboard] TransmissionData = 1,RecievingData = 1
# UVM_INFO ../../src/hvlTop/uartEnv/UartScoreboard.sv(161) @ 1792200: uvm_test_top.uartEnv.uartScoreboard [UartScoreboard] transmissionData = xxx10111
# , receivingData = xxx10111
# , tx parity = 0
#  rx parity=0 framing error is 0
# UVM_INFO ../../src/hvlTop/uartEnv/UartScoreboard.sv(142) @ 1792200: uvm_test_top.uartEnv.uartScoreboard [UartScoreboard] Data Match
# UVM_INFO ../../src/hvlTop/uartEnv/UartScoreboard.sv(143) @ 1792200: uvm_test_top.uartEnv.uartScoreboard [UartScoreboard] TransmissionData = 1,RecievingData = 1
# UVM_INFO ../../src/hvlTop/uartEnv/UartScoreboard.sv(161) @ 1792200: uvm_test_top.uartEnv.uartScoreboard [UartScoreboard] transmissionData = xxx10111
# , receivingData = xxx10111
# , tx parity = 0
#  rx parity=0 framing error is 0
# UVM_INFO ../../src/hvlTop/uartEnv/UartScoreboard.sv(142) @ 1792200: uvm_test_top.uartEnv.uartScoreboard [UartScoreboard] Data Match
# UVM_INFO ../../src/hvlTop/uartEnv/UartScoreboard.sv(143) @ 1792200: uvm_test_top.uartEnv.uartScoreboard [UartScoreboard] TransmissionData = 1,RecievingData = 1
# UVM_INFO ../../src/hvlTop/uartEnv/UartScoreboard.sv(161) @ 1792200: uvm_test_top.uartEnv.uartScoreboard [UartScoreboard] transmissionData = xxx10111
# , receivingData = xxx10111
# , tx parity = 0
#  rx parity=0 framing error is 0
# UVM_INFO verilog_src/uvm-1.1d/src/base/uvm_objection.svh(1268) @ 1892200: reporter [TEST_DONE] 'run' phase is ready to proceed to the 'extract' phase
# UVM_INFO ../../src/hvlTop/uartRxAgent/UartRxCoverage.sv(131) @ 1892200: uvm_test_top.uartEnv.uartRxAgent.uartRxCoverage [UartRxCoverage] ******************** UART RX Agent Coverage = 33.80 % *********************
# UVM_INFO ../../src/hvlTop/uartTxAgent//UartTxCoverage.sv(128) @ 1892200: uvm_test_top.uartEnv.uartTxAgent.uartTxCoverage [UartTxCoverage] ******************** UART TX Agent Coverage = 36.11 % *********************
# 
# --- UVM Report Summary ---
# 
# ** Report counts by severity
# UVM_INFO :   80
# UVM_WARNING :    2
# UVM_ERROR :    0
# UVM_FATAL :    0
# ** Report counts by id
# [HDL_TOP]     1
# [Questa UVM]     2
# [RNTST]     1
# [TEST_DONE]     1
# [UART_RECIEVER_DRIVER_BFM]     1
# [UART_TRANSMITTER_DRIVER_BFM]     3
# [UART_TRANSMITTER_MONITOR_BFM]     6
# [UVMTOP]     1
# [UartRxCoverage]     1
# [UartScoreboard]    52
# [UartTxCoverage]     1
# [[DRIVER PROXY]]     2
# [[Driver PROXY]]     2
# [[MONITOR PROXY]]     2
# [[receciever monitor PROXY]]     2
# [uart transmitter agent bfm]     2
# [uvm_sequence_base]     2
# ** Note: $finish    : /tools/mentor/questasim_10.6c/questasim/linux/../verilog_src/uvm-1.1d/src/base/uvm_root.svh(430)
#    Time: 1892200 ps  Iteration: 54  Instance: /HvlTop
# Saving coverage database on exit...
# End time: 16:41:42 on Feb 13,2025, Elapsed time: 0:00:06
# Errors: 0, Warnings: 3
